

============================== 2022-11-11 18:00:56.279445 | 158fbb74-27ae-46f7-8bb2-83a3b5e9daef ==============================
[0m18:00:56.279463 [info ] [MainThread]: Running with dbt=1.3.0
[0m18:00:56.280164 [debug] [MainThread]: running dbt with arguments {'write_json': True, 'use_colors': True, 'printer_width': 80, 'version_check': True, 'partial_parse': True, 'static_parser': True, 'profiles_dir': '/home/vscode/.dbt', 'send_anonymous_usage_stats': True, 'event_buffer_size': 100000, 'quiet': False, 'no_print': False, 'project_name': 'demo-dbt-project', 'skip_profile_setup': False, 'which': 'init', 'indirect_selection': 'eager'}
[0m18:00:56.280470 [debug] [MainThread]: Tracking: tracking
[0m18:00:56.288646 [debug] [MainThread]: Sending event: {'category': 'dbt', 'action': 'invocation', 'label': 'start', 'context': [<snowplow_tracker.self_describing_json.SelfDescribingJson object at 0x7f1f1872b3a0>, <snowplow_tracker.self_describing_json.SelfDescribingJson object at 0x7f1f1872b310>, <snowplow_tracker.self_describing_json.SelfDescribingJson object at 0x7f1f1872b2b0>]}
[0m18:00:56.289550 [info ] [MainThread]: Creating dbt configuration folder at /home/vscode/.dbt
[0m18:01:19.890610 [debug] [MainThread]: Starter project path: /usr/local/python/3.9.15/lib/python3.9/site-packages/dbt/include/starter_project
[0m18:02:14.223621 [info ] [MainThread]: Profile demo_dbt_project written to /home/vscode/.dbt/profiles.yml using target's profile_template.yml and your supplied values. Run 'dbt debug' to validate the connection.
[0m18:02:14.225143 [info ] [MainThread]: 
Your new dbt project "demo_dbt_project" was created!

For more information on how to configure the profiles.yml file,
please consult the dbt documentation here:

  https://docs.getdbt.com/docs/configure-your-profile

One more thing:

Need help? Don't hesitate to reach out to us via GitHub issues or on Slack:

  https://community.getdbt.com/

Happy modeling!

[0m18:02:14.226523 [debug] [MainThread]: Sending event: {'category': 'dbt', 'action': 'invocation', 'label': 'end', 'context': [<snowplow_tracker.self_describing_json.SelfDescribingJson object at 0x7f1f1872b0a0>, <snowplow_tracker.self_describing_json.SelfDescribingJson object at 0x7f1f1872b220>, <snowplow_tracker.self_describing_json.SelfDescribingJson object at 0x7f1f1872b070>]}
[0m18:02:14.227099 [debug] [MainThread]: Flushing usage events


============================== 2022-11-11 18:30:40.733305 | f79bd6b4-f3c9-4376-b1b7-34fec5030931 ==============================
[0m18:30:40.733318 [info ] [MainThread]: Running with dbt=1.3.0
[0m18:30:40.733876 [debug] [MainThread]: running dbt with arguments {'write_json': True, 'use_colors': True, 'printer_width': 80, 'version_check': True, 'partial_parse': True, 'static_parser': True, 'profiles_dir': '/home/vscode/.dbt', 'send_anonymous_usage_stats': True, 'event_buffer_size': 100000, 'quiet': False, 'no_print': False, 'skip_profile_setup': False, 'which': 'init', 'indirect_selection': 'eager'}
[0m18:30:40.734256 [debug] [MainThread]: Tracking: tracking
[0m18:30:40.743626 [debug] [MainThread]: Sending event: {'category': 'dbt', 'action': 'invocation', 'label': 'start', 'context': [<snowplow_tracker.self_describing_json.SelfDescribingJson object at 0x7f2ec6c2b520>, <snowplow_tracker.self_describing_json.SelfDescribingJson object at 0x7f2ec6c2b280>, <snowplow_tracker.self_describing_json.SelfDescribingJson object at 0x7f2ec6c2b4f0>]}
[0m18:30:52.942142 [debug] [MainThread]: Starter project path: /usr/local/python/3.9.15/lib/python3.9/site-packages/dbt/include/starter_project


============================== 2022-11-11 18:31:26.299243 | e01e7e13-9fac-4789-be8d-b4de1dc286b3 ==============================
[0m18:31:26.299257 [info ] [MainThread]: Running with dbt=1.3.0
[0m18:31:26.299771 [debug] [MainThread]: running dbt with arguments {'write_json': True, 'use_colors': True, 'printer_width': 80, 'version_check': True, 'partial_parse': True, 'static_parser': True, 'profiles_dir': '/home/vscode/.dbt', 'send_anonymous_usage_stats': True, 'event_buffer_size': 100000, 'quiet': False, 'no_print': False, 'skip_profile_setup': False, 'which': 'init', 'indirect_selection': 'eager'}
[0m18:31:26.300102 [debug] [MainThread]: Tracking: tracking
[0m18:31:26.308955 [debug] [MainThread]: Sending event: {'category': 'dbt', 'action': 'invocation', 'label': 'start', 'context': [<snowplow_tracker.self_describing_json.SelfDescribingJson object at 0x7f11e7f6b4c0>, <snowplow_tracker.self_describing_json.SelfDescribingJson object at 0x7f11e7f6b370>, <snowplow_tracker.self_describing_json.SelfDescribingJson object at 0x7f11e7f6b490>]}
[0m18:31:36.038814 [debug] [MainThread]: Starter project path: /usr/local/python/3.9.15/lib/python3.9/site-packages/dbt/include/starter_project
[0m18:31:56.751230 [info ] [MainThread]: Profile coffee_shop_bradsilk written to /home/vscode/.dbt/profiles.yml using target's profile_template.yml and your supplied values. Run 'dbt debug' to validate the connection.
[0m18:31:56.752050 [info ] [MainThread]: 
Your new dbt project "coffee_shop_bradsilk" was created!

For more information on how to configure the profiles.yml file,
please consult the dbt documentation here:

  https://docs.getdbt.com/docs/configure-your-profile

One more thing:

Need help? Don't hesitate to reach out to us via GitHub issues or on Slack:

  https://community.getdbt.com/

Happy modeling!

[0m18:31:56.752829 [debug] [MainThread]: Sending event: {'category': 'dbt', 'action': 'invocation', 'label': 'end', 'context': [<snowplow_tracker.self_describing_json.SelfDescribingJson object at 0x7f11e7f6bdf0>, <snowplow_tracker.self_describing_json.SelfDescribingJson object at 0x7f11e7f6b700>, <snowplow_tracker.self_describing_json.SelfDescribingJson object at 0x7f11e7f6b370>]}
[0m18:31:56.753395 [debug] [MainThread]: Flushing usage events


============================== 2022-11-11 18:59:55.999130 | d2c64e06-9b60-438c-9296-df5518967cd9 ==============================
[0m18:59:55.999142 [info ] [MainThread]: Running with dbt=1.3.0
[0m18:59:56.002921 [debug] [MainThread]: running dbt with arguments {'write_json': True, 'use_colors': True, 'printer_width': 80, 'version_check': True, 'partial_parse': True, 'static_parser': True, 'profiles_dir': '/home/vscode/.dbt', 'send_anonymous_usage_stats': True, 'event_buffer_size': 100000, 'quiet': False, 'no_print': False, 'skip_profile_setup': False, 'which': 'init', 'indirect_selection': 'eager'}
[0m18:59:56.003269 [debug] [MainThread]: Tracking: tracking
[0m18:59:56.009531 [debug] [MainThread]: Sending event: {'category': 'dbt', 'action': 'invocation', 'label': 'start', 'context': [<snowplow_tracker.self_describing_json.SelfDescribingJson object at 0x7fe41936b4c0>, <snowplow_tracker.self_describing_json.SelfDescribingJson object at 0x7fe41936b430>, <snowplow_tracker.self_describing_json.SelfDescribingJson object at 0x7fe41936b490>]}
[0m19:00:15.169111 [debug] [MainThread]: Starter project path: /usr/local/python/3.9.15/lib/python3.9/site-packages/dbt/include/starter_project
[0m19:00:53.273868 [info ] [MainThread]: Profile coffee_shop_bradsilk written to /home/vscode/.dbt/profiles.yml using target's profile_template.yml and your supplied values. Run 'dbt debug' to validate the connection.
[0m19:00:53.274743 [info ] [MainThread]: 
Your new dbt project "coffee_shop_bradsilk" was created!

For more information on how to configure the profiles.yml file,
please consult the dbt documentation here:

  https://docs.getdbt.com/docs/configure-your-profile

One more thing:

Need help? Don't hesitate to reach out to us via GitHub issues or on Slack:

  https://community.getdbt.com/

Happy modeling!

[0m19:00:53.275504 [debug] [MainThread]: Sending event: {'category': 'dbt', 'action': 'invocation', 'label': 'end', 'context': [<snowplow_tracker.self_describing_json.SelfDescribingJson object at 0x7fe41936bdf0>, <snowplow_tracker.self_describing_json.SelfDescribingJson object at 0x7fe41936b700>, <snowplow_tracker.self_describing_json.SelfDescribingJson object at 0x7fe41936b430>]}
[0m19:00:53.276011 [debug] [MainThread]: Flushing usage events
